# JRE version: OpenJDK Runtime Environment Temurin-17.0.1+12 (17.0.1+12) (build 17.0.1+12)
# Java VM: OpenJDK 64-Bit Server VM Temurin-17.0.1+12 (17.0.1+12, mixed mode, tiered, compressed oops, compressed class ptrs, g1 gc, windows-amd64)
GC Precious Log:
 CPUs: 2 total, 2 available
 Memory: 2037M
 Large Page Support: Disabled
 NUMA Support: Disabled
 Compressed Oops: Enabled (32-bit)
 Heap Region Size: 1M
 Heap Min Capacity: 8M
 Heap Initial Capacity: 32M
 Heap Max Capacity: 510M
 Pre-touch: Disabled
 Parallel Workers: 2
 Concurrent Workers: 1
 Concurrent Refinement Workers: 2
 Periodic GC: Disabled
Heap:
 garbage-first heap   total 39936K, used 18140K [0x00000000e0200000, 0x0000000100000000)
  region size 1024K, 8 young (8192K), 2 survivors (2048K)
 Metaspace       used 28611K, committed 28864K, reserved 1081344K
  class space    used 3172K, committed 3328K, reserved 1048576K
GC Heap History (18 events):
Event: 0.612 GC heap before
{Heap before GC invocations=0 (full 0):
 garbage-first heap   total 32768K, used 6144K [0x00000000e0200000, 0x0000000100000000)
  region size 1024K, 6 young (6144K), 0 survivors (0K)
 Metaspace       used 7330K, committed 7424K, reserved 1056768K
  class space    used 625K, committed 704K, reserved 1048576K
}
Event: 0.625 GC heap after
{Heap after GC invocations=1 (full 0):
 garbage-first heap   total 32768K, used 4460K [0x00000000e0200000, 0x0000000100000000)
  region size 1024K, 1 young (1024K), 1 survivors (1024K)
 Metaspace       used 7330K, committed 7424K, reserved 1056768K
  class space    used 625K, committed 704K, reserved 1048576K
}
Event: 0.892 GC heap before
{Heap before GC invocations=1 (full 0):
 garbage-first heap   total 32768K, used 7532K [0x00000000e0200000, 0x0000000100000000)
  region size 1024K, 5 young (5120K), 1 survivors (1024K)
 Metaspace       used 9170K, committed 9280K, reserved 1064960K
  class space    used 811K, committed 896K, reserved 1048576K
}
Event: 0.899 GC heap after
{Heap after GC invocations=2 (full 0):
 garbage-first heap   total 32768K, used 6528K [0x00000000e0200000, 0x0000000100000000)
  region size 1024K, 1 young (1024K), 1 survivors (1024K)
 Metaspace       used 9170K, committed 9280K, reserved 1064960K
  class space    used 811K, committed 896K, reserved 1048576K
}
Event: 1.386 GC heap before
{Heap before GC invocations=2 (full 0):
 garbage-first heap   total 32768K, used 11648K [0x00000000e0200000, 0x0000000100000000)
  region size 1024K, 7 young (7168K), 1 survivors (1024K)
 Metaspace       used 12296K, committed 12480K, reserved 1064960K
  class space    used 1183K, committed 1280K, reserved 1048576K
}
Event: 1.392 GC heap after
{Heap after GC invocations=3 (full 0):
 garbage-first heap   total 32768K, used 7283K [0x00000000e0200000, 0x0000000100000000)
  region size 1024K, 1 young (1024K), 1 survivors (1024K)
 Metaspace       used 12296K, committed 12480K, reserved 1064960K
  class space    used 1183K, committed 1280K, reserved 1048576K
}
Event: 1.887 GC heap before
{Heap before GC invocations=3 (full 0):
 garbage-first heap   total 32768K, used 14451K [0x00000000e0200000, 0x0000000100000000)
  region size 1024K, 8 young (8192K), 1 survivors (1024K)
 Metaspace       used 15201K, committed 15296K, reserved 1064960K
  class space    used 1548K, committed 1600K, reserved 1048576K
}
Event: 1.892 GC heap after
{Heap after GC invocations=4 (full 0):
 garbage-first heap   total 32768K, used 7828K [0x00000000e0200000, 0x0000000100000000)
  region size 1024K, 1 young (1024K), 1 survivors (1024K)
 Metaspace       used 15201K, committed 15296K, reserved 1064960K
  class space    used 1548K, committed 1600K, reserved 1048576K
}
Event: 2.827 GC heap before
{Heap before GC invocations=4 (full 0):
 garbage-first heap   total 32768K, used 18068K [0x00000000e0200000, 0x0000000100000000)
  region size 1024K, 12 young (12288K), 1 survivors (1024K)
 Metaspace       used 19655K, committed 19840K, reserved 1073152K
  class space    used 2112K, committed 2176K, reserved 1048576K
}
Event: 2.865 GC heap after
{Heap after GC invocations=5 (full 0):
 garbage-first heap   total 32768K, used 9500K [0x00000000e0200000, 0x0000000100000000)
  region size 1024K, 2 young (2048K), 2 survivors (2048K)
 Metaspace       used 19655K, committed 19840K, reserved 1073152K
  class space    used 2112K, committed 2176K, reserved 1048576K
}
Event: 3.156 GC heap before
{Heap before GC invocations=5 (full 0):
 garbage-first heap   total 32768K, used 15644K [0x00000000e0200000, 0x0000000100000000)
  region size 1024K, 10 young (10240K), 2 survivors (2048K)
 Metaspace       used 21304K, committed 21504K, reserved 1073152K
  class space    used 2283K, committed 2432K, reserved 1048576K
}
Event: 3.166 GC heap after
{Heap after GC invocations=6 (full 0):
 garbage-first heap   total 39936K, used 11044K [0x00000000e0200000, 0x0000000100000000)
  region size 1024K, 2 young (2048K), 2 survivors (2048K)
 Metaspace       used 21304K, committed 21504K, reserved 1073152K
  class space    used 2283K, committed 2432K, reserved 1048576K
}
Event: 22.234 GC heap before
{Heap before GC invocations=7 (full 0):
 garbage-first heap   total 39936K, used 22308K [0x00000000e0200000, 0x0000000100000000)
  region size 1024K, 14 young (14336K), 2 survivors (2048K)
 Metaspace       used 24404K, committed 24640K, reserved 1073152K
  class space    used 2737K, committed 2880K, reserved 1048576K
}
Event: 22.240 GC heap after
{Heap after GC invocations=8 (full 0):
 garbage-first heap   total 39936K, used 11967K [0x00000000e0200000, 0x0000000100000000)
  region size 1024K, 1 young (1024K), 1 survivors (1024K)
 Metaspace       used 24404K, committed 24640K, reserved 1073152K
  class space    used 2737K, committed 2880K, reserved 1048576K
}
Event: 37.942 GC heap before
{Heap before GC invocations=8 (full 0):
 garbage-first heap   total 39936K, used 25279K [0x00000000e0200000, 0x0000000100000000)
  region size 1024K, 15 young (15360K), 1 survivors (1024K)
 Metaspace       used 27945K, committed 28160K, reserved 1081344K
  class space    used 3115K, committed 3200K, reserved 1048576K
}
Event: 37.949 GC heap after
{Heap after GC invocations=9 (full 0):
 garbage-first heap   total 39936K, used 12953K [0x00000000e0200000, 0x0000000100000000)
  region size 1024K, 2 young (2048K), 2 survivors (2048K)
 Metaspace       used 27945K, committed 28160K, reserved 1081344K
  class space    used 3115K, committed 3200K, reserved 1048576K
}
Event: 54.098 GC heap before
{Heap before GC invocations=9 (full 0):
 garbage-first heap   total 39936K, used 26265K [0x00000000e0200000, 0x0000000100000000)
  region size 1024K, 15 young (15360K), 2 survivors (2048K)
 Metaspace       used 28048K, committed 28352K, reserved 1081344K
  class space    used 3122K, committed 3264K, reserved 1048576K
}
Event: 54.106 GC heap after
{Heap after GC invocations=10 (full 0):
 garbage-first heap   total 39936K, used 13020K [0x00000000e0200000, 0x0000000100000000)
  region size 1024K, 2 young (2048K), 2 survivors (2048K)
 Metaspace       used 28048K, committed 28352K, reserved 1081344K
  class space    used 3122K, committed 3264K, reserved 1048576K
}

