<?xml version="1.0" encoding="UTF-8"?>
<!-- Generated by org.testng.reporters.JUnitXMLReporter -->
<testsuite ignored="0" hostname="shree-PC" failures="0" tests="3" name="Default test" time="205.299" errors="0" timestamp="2022-01-18T20:33:51 IST">
  <testcase classname="testCase001.TestCase001" name="verifyComprehensiveText" time="1.724"/>
  <testcase classname="testCase001.TestCase001" name="verifyODText" time="0.59"/>
  <testcase classname="testCase001.TestCase001" name="verifyTPText" time="5.496"/>
</testsuite> <!-- Default test -->
