<?xml version="1.0" encoding="UTF-8"?>
<!-- Generated by org.testng.reporters.JUnitXMLReporter -->
<testsuite ignored="0" hostname="shree-PC" failures="0" tests="3" name="Car_Insurance" time="185.437" errors="0" timestamp="2022-01-18T21:27:19 IST">
  <testcase classname="testCase001.TestCase001" name="verifyComprehensiveText" time="0.688"/>
  <testcase classname="testCase001.TestCase001" name="verifyODText" time="0.195"/>
  <testcase classname="testCase001.TestCase001" name="verifyTPText" time="5.275"/>
</testsuite> <!-- Car_Insurance -->
